<?xml version="1.0" encoding="UTF-8"?>
<!-- Generated by org.testng.reporters.JUnitReportReporter -->
<testsuite hostname="MSI" failures="0" tests="1" name="com.generic.OnlineBanking" time="5.288" errors="0" timestamp="2023-06-18T13:01:44 EDT" skipped="0">
  <testcase classname="com.generic.OnlineBanking" name="getLogIn" time="5.288"/>
  <system-out/>
</testsuite> <!-- com.generic.OnlineBanking -->
