<?xml version="1.0" encoding="UTF-8"?>
<!-- Generated by org.testng.reporters.JUnitReportReporter -->
<testsuite hostname="MSI" failures="0" tests="2" name="com.regression.CucumberRunner" time="8.669" errors="0" timestamp="2023-07-04T12:25:59 EDT" skipped="0">
  <testcase classname="com.regression.CucumberRunner" name="runScenario" time="3.878"/>
  <system-out/>
  <testcase classname="com.regression.CucumberRunner" name="runScenario" time="4.791"/>
  <system-out/>
</testsuite> <!-- com.regression.CucumberRunner -->
